2025-06-29 21:57:26,812 - AirLeakageTest - INFO - ==================================================
2025-06-29 21:57:26,812 - AirLeakageTest - INFO - Starting Air Leakage Test Application
2025-06-29 21:57:26,812 - AirLeakageTest - INFO - ==================================================
2025-06-29 21:57:26,812 - AirLeakageTest - INFO - Signal handlers configured for clean shutdown
2025-06-29 21:57:26,812 - AirLeakageTest - INFO - Checking dependencies...
2025-06-29 21:57:26,822 - AirLeakageTest - INFO - All dependencies available
2025-06-29 21:57:26,822 - AirLeakageTest - INFO - Initializing application controller...
2025-06-29 21:57:26,822 - AirLeakageTest - INFO - Initializing hardware...
2025-06-29 21:57:26,825 - AirLeakageTest - INFO - Running in simulation mode
2025-06-29 21:57:26,825 - AirLeakageTest - INFO - Starting application UI...
2025-06-29 21:57:26,989 - AirLeakageTest - INFO - UI started successfully - Starting optimized main loop
2025-06-29 21:57:26,989 - AirLeakageTest - INFO - Press Ctrl+C in terminal to exit cleanly
2025-06-29 21:57:26,989 - AirLeakageTest - INFO - Optimized main loop started
2025-06-29 22:00:08,221 - AirLeakageTest - INFO - Received signal 2 - Initiating clean shutdown...
2025-06-29 22:00:08,224 - AirLeakageTest - INFO - Stopping any running tests...
2025-06-29 22:00:08,228 - AirLeakageTest - INFO - Cleaning up application controller...
2025-06-29 22:00:08,228 - AirLeakageTest - INFO - Closing main window...
2025-06-29 22:00:08,347 - AirLeakageTest - INFO - Clean shutdown completed
2025-06-29 22:00:13,637 - AirLeakageTest - INFO - ==================================================
2025-06-29 22:00:13,637 - AirLeakageTest - INFO - Starting Air Leakage Test Application
2025-06-29 22:00:13,637 - AirLeakageTest - INFO - ==================================================
2025-06-29 22:00:13,637 - AirLeakageTest - INFO - Signal handlers configured for clean shutdown
2025-06-29 22:00:13,637 - AirLeakageTest - INFO - Checking dependencies...
2025-06-29 22:00:13,663 - AirLeakageTest - INFO - All dependencies available
2025-06-29 22:00:13,663 - AirLeakageTest - INFO - Initializing application controller...
2025-06-29 22:00:13,663 - AirLeakageTest - INFO - Initializing hardware...
2025-06-29 22:00:13,666 - AirLeakageTest - INFO - Running in simulation mode
2025-06-29 22:00:13,666 - AirLeakageTest - INFO - Starting application UI...
2025-06-29 22:00:13,851 - AirLeakageTest - INFO - UI started successfully - Starting optimized main loop
2025-06-29 22:00:13,851 - AirLeakageTest - INFO - Press Ctrl+C in terminal to exit cleanly
2025-06-29 22:00:13,851 - AirLeakageTest - INFO - Optimized main loop started
2025-06-29 22:02:55,575 - AirLeakageTest - INFO - Received signal 2 - Initiating clean shutdown...
2025-06-29 22:02:55,575 - AirLeakageTest - INFO - Stopping any running tests...
2025-06-29 22:02:55,576 - AirLeakageTest - INFO - Cleaning up application controller...
2025-06-29 22:02:55,577 - AirLeakageTest - INFO - Closing main window...
2025-06-29 22:02:55,729 - AirLeakageTest - INFO - Clean shutdown completed
2025-06-29 22:02:58,811 - AirLeakageTest - INFO - ==================================================
2025-06-29 22:02:58,811 - AirLeakageTest - INFO - Starting Air Leakage Test Application
2025-06-29 22:02:58,811 - AirLeakageTest - INFO - ==================================================
2025-06-29 22:02:58,811 - AirLeakageTest - INFO - Signal handlers configured for clean shutdown
2025-06-29 22:02:58,812 - AirLeakageTest - INFO - Checking dependencies...
2025-06-29 22:02:58,825 - AirLeakageTest - INFO - All dependencies available
2025-06-29 22:02:58,825 - AirLeakageTest - INFO - Initializing application controller...
2025-06-29 22:02:58,825 - AirLeakageTest - INFO - Initializing hardware...
2025-06-29 22:02:58,828 - AirLeakageTest - INFO - Running in simulation mode
2025-06-29 22:02:58,828 - AirLeakageTest - INFO - Starting application UI...
2025-06-29 22:02:58,964 - AirLeakageTest - INFO - UI started successfully - Starting optimized main loop
2025-06-29 22:02:58,964 - AirLeakageTest - INFO - Press Ctrl+C in terminal to exit cleanly
2025-06-29 22:02:58,964 - AirLeakageTest - INFO - Optimized main loop started
2025-06-29 22:17:14,625 - AirLeakageTest - INFO - Received signal 2 - Initiating clean shutdown...
2025-06-29 22:17:14,629 - AirLeakageTest - INFO - Stopping any running tests...
2025-06-29 22:17:14,629 - AirLeakageTest - INFO - Cleaning up application controller...
2025-06-29 22:17:14,629 - AirLeakageTest - INFO - Closing main window...
2025-06-29 22:17:14,877 - AirLeakageTest - INFO - Clean shutdown completed
2025-06-29 22:26:30,556 - AirLeakageTest - INFO - ==================================================
2025-06-29 22:26:30,556 - AirLeakageTest - INFO - Starting Air Leakage Test Application
2025-06-29 22:26:30,556 - AirLeakageTest - INFO - ==================================================
2025-06-29 22:26:30,556 - AirLeakageTest - INFO - Signal handlers configured for clean shutdown
2025-06-29 22:26:30,556 - AirLeakageTest - INFO - Checking dependencies...
2025-06-29 22:26:30,565 - AirLeakageTest - INFO - All dependencies available
2025-06-29 22:26:30,565 - AirLeakageTest - INFO - Initializing application controller...
2025-06-29 22:26:30,566 - AirLeakageTest - INFO - Initializing hardware...
2025-06-29 22:26:30,567 - AirLeakageTest - INFO - Running in simulation mode
2025-06-29 22:26:30,567 - AirLeakageTest - INFO - Starting application UI...
2025-06-29 22:26:30,736 - AirLeakageTest - INFO - UI started successfully - Starting optimized main loop
2025-06-29 22:26:30,736 - AirLeakageTest - INFO - Press Ctrl+C in terminal to exit cleanly
2025-06-29 22:26:30,736 - AirLeakageTest - INFO - Optimized main loop started
2025-06-29 22:27:33,885 - AirLeakageTest - INFO - Received signal 2 - Initiating clean shutdown...
2025-06-29 22:27:33,889 - AirLeakageTest - INFO - Stopping any running tests...
2025-06-29 22:27:33,890 - AirLeakageTest - INFO - Cleaning up application controller...
2025-06-29 22:27:33,890 - AirLeakageTest - INFO - Closing main window...
2025-06-29 22:27:34,539 - AirLeakageTest - INFO - Clean shutdown completed
2025-06-29 22:59:23,551 - AirLeakageTest - INFO - ==================================================
2025-06-29 22:59:23,553 - AirLeakageTest - INFO - Starting Air Leakage Test Application
2025-06-29 22:59:23,553 - AirLeakageTest - INFO - ==================================================
2025-06-29 22:59:23,553 - AirLeakageTest - INFO - Signal handlers configured for clean shutdown
2025-06-29 22:59:23,553 - AirLeakageTest - INFO - Checking dependencies...
2025-06-29 22:59:23,590 - AirLeakageTest - INFO - All dependencies available
2025-06-29 22:59:23,591 - AirLeakageTest - INFO - Initializing application controller...
2025-06-29 22:59:23,591 - AirLeakageTest - INFO - Initializing hardware...
2025-06-29 22:59:23,595 - AirLeakageTest - INFO - Running in simulation mode
2025-06-29 22:59:23,595 - AirLeakageTest - INFO - Starting application UI...
2025-06-29 22:59:23,971 - AirLeakageTest - INFO - UI started successfully - Starting optimized main loop
2025-06-29 22:59:23,971 - AirLeakageTest - INFO - Press Ctrl+C in terminal to exit cleanly
2025-06-29 22:59:23,971 - AirLeakageTest - INFO - Optimized main loop started
2025-06-29 23:00:32,256 - AirLeakageTest - INFO - Received signal 2 - Initiating clean shutdown...
2025-06-29 23:00:32,262 - AirLeakageTest - INFO - Stopping any running tests...
2025-06-29 23:00:32,273 - AirLeakageTest - INFO - Cleaning up application controller...
2025-06-29 23:00:32,273 - AirLeakageTest - INFO - Closing main window...
2025-06-29 23:00:33,034 - AirLeakageTest - INFO - Clean shutdown completed
2025-06-29 23:00:35,530 - AirLeakageTest - INFO - ==================================================
2025-06-29 23:00:35,530 - AirLeakageTest - INFO - Starting Air Leakage Test Application
2025-06-29 23:00:35,531 - AirLeakageTest - INFO - ==================================================
2025-06-29 23:00:35,531 - AirLeakageTest - INFO - Signal handlers configured for clean shutdown
2025-06-29 23:00:35,531 - AirLeakageTest - INFO - Checking dependencies...
2025-06-29 23:00:35,634 - AirLeakageTest - INFO - All dependencies available
2025-06-29 23:00:35,634 - AirLeakageTest - INFO - Initializing application controller...
2025-06-29 23:00:35,635 - AirLeakageTest - INFO - Initializing hardware...
2025-06-29 23:00:35,640 - AirLeakageTest - INFO - Running in simulation mode
2025-06-29 23:00:35,640 - AirLeakageTest - INFO - Starting application UI...
2025-06-29 23:00:36,298 - AirLeakageTest - INFO - UI started successfully - Starting optimized main loop
2025-06-29 23:00:36,298 - AirLeakageTest - INFO - Press Ctrl+C in terminal to exit cleanly
2025-06-29 23:00:36,298 - AirLeakageTest - INFO - Optimized main loop started
2025-06-29 23:10:36,738 - AirLeakageTest - INFO - Received signal 2 - Initiating clean shutdown...
2025-06-29 23:10:36,742 - AirLeakageTest - INFO - Stopping any running tests...
2025-06-29 23:10:36,748 - AirLeakageTest - INFO - Cleaning up application controller...
2025-06-29 23:10:36,749 - AirLeakageTest - INFO - Closing main window...
2025-06-29 23:10:37,514 - AirLeakageTest - INFO - Clean shutdown completed
2025-06-29 23:10:39,022 - AirLeakageTest - INFO - ==================================================
2025-06-29 23:10:39,022 - AirLeakageTest - INFO - Starting Air Leakage Test Application
2025-06-29 23:10:39,022 - AirLeakageTest - INFO - ==================================================
2025-06-29 23:10:39,023 - AirLeakageTest - INFO - Signal handlers configured for clean shutdown
2025-06-29 23:10:39,023 - AirLeakageTest - INFO - Checking dependencies...
2025-06-29 23:10:39,118 - AirLeakageTest - INFO - All dependencies available
2025-06-29 23:10:39,118 - AirLeakageTest - INFO - Initializing application controller...
2025-06-29 23:10:39,120 - AirLeakageTest - INFO - Initializing hardware...
2025-06-29 23:10:39,126 - AirLeakageTest - INFO - Running in simulation mode
2025-06-29 23:10:39,126 - AirLeakageTest - INFO - Starting application UI...
2025-06-29 23:10:39,568 - AirLeakageTest - INFO - UI started successfully - Starting optimized main loop
2025-06-29 23:10:39,568 - AirLeakageTest - INFO - Press Ctrl+C in terminal to exit cleanly
2025-06-29 23:10:39,568 - AirLeakageTest - INFO - Optimized main loop started
2025-06-29 23:18:16,050 - AirLeakageTest - INFO - Received signal 2 - Initiating clean shutdown...
2025-06-29 23:18:16,051 - AirLeakageTest - INFO - Stopping any running tests...
2025-06-29 23:18:16,053 - AirLeakageTest - INFO - Cleaning up application controller...
2025-06-29 23:18:16,053 - AirLeakageTest - INFO - Closing main window...
2025-06-29 23:18:17,133 - AirLeakageTest - INFO - Clean shutdown completed
2025-06-29 23:27:48,319 - AirLeakageTest - INFO - ==================================================
2025-06-29 23:27:48,320 - AirLeakageTest - INFO - Starting Air Leakage Test Application
2025-06-29 23:27:48,320 - AirLeakageTest - INFO - ==================================================
2025-06-29 23:27:48,320 - AirLeakageTest - INFO - Signal handlers configured for clean shutdown
2025-06-29 23:27:48,320 - AirLeakageTest - INFO - Checking dependencies...
2025-06-29 23:27:48,332 - AirLeakageTest - INFO - All dependencies available
2025-06-29 23:27:48,332 - AirLeakageTest - INFO - Initializing application controller...
2025-06-29 23:27:48,334 - AirLeakageTest - INFO - Initializing hardware...
2025-06-29 23:27:48,339 - AirLeakageTest - INFO - Running in simulation mode
2025-06-29 23:27:48,339 - AirLeakageTest - INFO - Starting application UI...
2025-06-29 23:27:48,669 - AirLeakageTest - INFO - UI started successfully - Starting optimized main loop
2025-06-29 23:27:48,669 - AirLeakageTest - INFO - Press Ctrl+C in terminal to exit cleanly
2025-06-29 23:27:48,670 - AirLeakageTest - INFO - Optimized main loop started
2025-06-29 23:32:53,696 - AirLeakageTest - INFO - Received signal 2 - Initiating clean shutdown...
2025-06-29 23:32:53,700 - AirLeakageTest - INFO - Stopping any running tests...
2025-06-29 23:32:53,700 - AirLeakageTest - INFO - Cleaning up application controller...
2025-06-29 23:32:53,700 - AirLeakageTest - INFO - Closing main window...
2025-06-29 23:32:54,764 - AirLeakageTest - INFO - Clean shutdown completed
2025-06-29 23:36:09,441 - AirLeakageTest - INFO - ==================================================
2025-06-29 23:36:09,443 - AirLeakageTest - INFO - Starting Air Leakage Test Application
2025-06-29 23:36:09,443 - AirLeakageTest - INFO - ==================================================
2025-06-29 23:36:09,443 - AirLeakageTest - INFO - Signal handlers configured for clean shutdown
2025-06-29 23:36:09,443 - AirLeakageTest - INFO - Checking dependencies...
2025-06-29 23:36:09,538 - AirLeakageTest - INFO - All dependencies available
2025-06-29 23:36:09,538 - AirLeakageTest - INFO - Initializing application controller...
2025-06-29 23:36:09,547 - AirLeakageTest - INFO - Initializing hardware...
2025-06-29 23:36:09,552 - AirLeakageTest - INFO - Running in simulation mode
2025-06-29 23:36:09,552 - AirLeakageTest - INFO - Starting application UI...
2025-06-29 23:36:10,047 - AirLeakageTest - INFO - UI started successfully - Starting optimized main loop
2025-06-29 23:36:10,047 - AirLeakageTest - INFO - Press Ctrl+C in terminal to exit cleanly
2025-06-29 23:36:10,047 - AirLeakageTest - INFO - Optimized main loop started
2025-06-29 23:41:42,693 - AirLeakageTest - INFO - Received signal 2 - Initiating clean shutdown...
2025-06-29 23:41:42,703 - AirLeakageTest - INFO - Stopping any running tests...
2025-06-29 23:41:42,703 - AirLeakageTest - INFO - Cleaning up application controller...
2025-06-29 23:41:42,703 - AirLeakageTest - INFO - Closing main window...
2025-06-29 23:41:44,239 - AirLeakageTest - INFO - Clean shutdown completed
2025-06-29 23:41:45,446 - AirLeakageTest - INFO - ==================================================
2025-06-29 23:41:45,448 - AirLeakageTest - INFO - Starting Air Leakage Test Application
2025-06-29 23:41:45,448 - AirLeakageTest - INFO - ==================================================
2025-06-29 23:41:45,448 - AirLeakageTest - INFO - Signal handlers configured for clean shutdown
2025-06-29 23:41:45,448 - AirLeakageTest - INFO - Checking dependencies...
2025-06-29 23:41:45,514 - AirLeakageTest - INFO - All dependencies available
2025-06-29 23:41:45,514 - AirLeakageTest - INFO - Initializing application controller...
2025-06-29 23:41:45,522 - AirLeakageTest - INFO - Initializing hardware...
2025-06-29 23:41:45,527 - AirLeakageTest - INFO - Running in simulation mode
2025-06-29 23:41:45,528 - AirLeakageTest - INFO - Starting application UI...
2025-06-29 23:41:45,931 - AirLeakageTest - INFO - UI started successfully - Starting optimized main loop
2025-06-29 23:41:45,932 - AirLeakageTest - INFO - Press Ctrl+C in terminal to exit cleanly
2025-06-29 23:41:45,932 - AirLeakageTest - INFO - Optimized main loop started
2025-06-29 23:44:44,692 - AirLeakageTest - INFO - Received signal 2 - Initiating clean shutdown...
2025-06-29 23:44:44,693 - AirLeakageTest - INFO - Stopping any running tests...
2025-06-29 23:44:44,694 - AirLeakageTest - INFO - Cleaning up application controller...
2025-06-29 23:44:44,694 - AirLeakageTest - INFO - Closing main window...
2025-06-29 23:44:46,323 - AirLeakageTest - INFO - Clean shutdown completed
2025-06-29 23:46:13,257 - AirLeakageTest - INFO - ==================================================
2025-06-29 23:46:13,258 - AirLeakageTest - INFO - Starting Air Leakage Test Application
2025-06-29 23:46:13,258 - AirLeakageTest - INFO - ==================================================
2025-06-29 23:46:13,258 - AirLeakageTest - INFO - Signal handlers configured for clean shutdown
2025-06-29 23:46:13,258 - AirLeakageTest - INFO - Checking dependencies...
2025-06-29 23:46:13,317 - AirLeakageTest - INFO - All dependencies available
2025-06-29 23:46:13,317 - AirLeakageTest - INFO - Initializing application controller...
2025-06-29 23:46:13,325 - AirLeakageTest - INFO - Initializing hardware...
2025-06-29 23:46:13,329 - AirLeakageTest - INFO - Running in simulation mode
2025-06-29 23:46:13,330 - AirLeakageTest - INFO - Starting application UI...
2025-06-29 23:46:13,702 - AirLeakageTest - INFO - UI started successfully - Starting optimized main loop
2025-06-29 23:46:13,702 - AirLeakageTest - INFO - Press Ctrl+C in terminal to exit cleanly
2025-06-29 23:46:13,702 - AirLeakageTest - INFO - Optimized main loop started
2025-06-29 23:52:56,087 - AirLeakageTest - INFO - ==================================================
2025-06-29 23:52:56,089 - AirLeakageTest - INFO - Starting Air Leakage Test Application
2025-06-29 23:52:56,090 - AirLeakageTest - INFO - ==================================================
2025-06-29 23:52:56,090 - AirLeakageTest - INFO - Signal handlers configured for clean shutdown
2025-06-29 23:52:56,090 - AirLeakageTest - INFO - Checking dependencies...
2025-06-29 23:52:56,117 - AirLeakageTest - INFO - All dependencies available
2025-06-29 23:52:56,117 - AirLeakageTest - INFO - Initializing application controller...
2025-06-29 23:52:56,122 - AirLeakageTest - INFO - Initializing hardware...
2025-06-29 23:52:56,129 - AirLeakageTest - INFO - Running in simulation mode
2025-06-29 23:52:56,129 - AirLeakageTest - INFO - Starting application UI...
2025-06-29 23:52:57,002 - AirLeakageTest - INFO - UI started successfully - Starting optimized main loop
2025-06-29 23:52:57,002 - AirLeakageTest - INFO - Press Ctrl+C in terminal to exit cleanly
2025-06-29 23:52:57,003 - AirLeakageTest - INFO - Optimized main loop started
2025-06-29 23:58:33,072 - AirLeakageTest - INFO - Received signal 2 - Initiating clean shutdown...
2025-06-29 23:58:33,076 - AirLeakageTest - INFO - Stopping any running tests...
2025-06-29 23:58:33,077 - AirLeakageTest - INFO - Cleaning up application controller...
2025-06-29 23:58:33,077 - AirLeakageTest - INFO - Closing main window...
2025-06-29 23:58:33,663 - AirLeakageTest - INFO - Clean shutdown completed
2025-06-29 23:58:35,863 - AirLeakageTest - INFO - ==================================================
2025-06-29 23:58:35,864 - AirLeakageTest - INFO - Starting Air Leakage Test Application
2025-06-29 23:58:35,864 - AirLeakageTest - INFO - ==================================================
2025-06-29 23:58:35,864 - AirLeakageTest - INFO - Signal handlers configured for clean shutdown
2025-06-29 23:58:35,864 - AirLeakageTest - INFO - Checking dependencies...
2025-06-29 23:58:35,878 - AirLeakageTest - INFO - All dependencies available
2025-06-29 23:58:35,878 - AirLeakageTest - INFO - Initializing application controller...
2025-06-29 23:58:35,882 - AirLeakageTest - INFO - Initializing hardware...
2025-06-29 23:58:35,886 - AirLeakageTest - INFO - Running in simulation mode
2025-06-29 23:58:35,886 - AirLeakageTest - INFO - Starting application UI...
2025-06-29 23:58:36,242 - AirLeakageTest - INFO - UI started successfully - Starting optimized main loop
2025-06-29 23:58:36,242 - AirLeakageTest - INFO - Press Ctrl+C in terminal to exit cleanly
2025-06-29 23:58:36,243 - AirLeakageTest - INFO - Optimized main loop started
2025-06-30 00:05:16,617 - AirLeakageTest - INFO - Received signal 2 - Initiating clean shutdown...
2025-06-30 00:05:16,621 - AirLeakageTest - INFO - Stopping any running tests...
2025-06-30 00:05:16,622 - AirLeakageTest - INFO - Cleaning up application controller...
2025-06-30 00:05:16,622 - AirLeakageTest - INFO - Closing main window...
2025-06-30 00:05:17,421 - AirLeakageTest - INFO - Clean shutdown completed
